INIT
Creating /home/osp-user/.CONTAINER
READDIR
/
READDIR
/
READDIR
/
READDIR
/
READDIR
/
READDIR
/
READDIR
/
READDIR
/
READDIR
/
READDIR
/
READDIR
/
READDIR
/
READDIR
/
READDIR
/
READDIR
/
READDIR
/
READDIR
/
READDIR
/
READDIR
/
READDIR
/
READDIR
/
READDIR
/
READDIR
/
READDIR
/
READDIR
/home
CREATE
/home/osp-user/.a.swp
CREATE
/home/osp-user/a
OPEN
/home/osp-user/a
WRITE
/home/osp-user/a
/home/osp-user/.CONTAINER/75b8cbbb833c0aab1151cba662246e24
OPEN
/home/osp-user/a
WRITE
/home/osp-user/a
/home/osp-user/.CONTAINER/75b8cbbb833c0aab1151cba662246e24
READDIR
/home/osp-user
CREATE
/home/osp-user/.b.swp
CREATE
/home/osp-user/b
OPEN
/home/osp-user/b
WRITE
/home/osp-user/b
/home/osp-user/.CONTAINER/75b8cbbb833c0aab1151cba662246e24
READDIR
/home/osp-user
READDIR
/home/osp-user
OPEN
/home/osp-user/a
READ
/home/osp-user/a
READ
/home/osp-user/a
OPEN
/home/osp-user/b
READ
/home/osp-user/b
READ
/home/osp-user/b
OPEN
/home/osp-user/.a.swp
READ
/home/osp-user/.a.swp
UNLINK
/home/osp-user/.a.swp
CREATE
/home/osp-user/.a.swp
OPEN
/home/osp-user/a
READ
/home/osp-user/a
READ
/home/osp-user/a
OPEN
/home/osp-user/a
OPEN
/home/osp-user/a
WRITE
/home/osp-user/a
/home/osp-user/.CONTAINER/2e7f4ea98e05f0b3658596e2dd2dc5d6
OPEN
/home/osp-user/a
WRITE
/home/osp-user/a
/home/osp-user/.CONTAINER/2e7f4ea98e05f0b3658596e2dd2dc5d6
READDIR
/home/osp-user
OPEN
/home/osp-user/a
READ
/home/osp-user/a
READ
/home/osp-user/a
OPEN
/home/osp-user/b
READ
/home/osp-user/b
READ
/home/osp-user/b
READDIR
/home/osp-user
READDIR
/home/osp-user
READDIR
/home/osp-user
READDIR
/home/osp-user
READDIR
/home/osp-user
READDIR
/home/osp-user
READDIR
/home/osp-user
READDIR
/home/osp-user
OPEN
/home/osp-user/.bash_history
READ
/home/osp-user/.bash_history
READ
/home/osp-user/.bash_history
READ
/home/osp-user/.bash_history
READDIR
/home/osp-user
READDIR
/home/osp-user
READDIR
/home/osp-user
READDIR
/home/osp-user
READDIR
/home/osp-user
OPEN
/home/osp-user/.b.swp
READ
/home/osp-user/.b.swp
UNLINK
/home/osp-user/.b.swp
CREATE
/home/osp-user/.b.swp
OPEN
/home/osp-user/b
READ
/home/osp-user/b
READ
/home/osp-user/b
OPEN
/home/osp-user/b
OPEN
/home/osp-user/b
WRITE
/home/osp-user/b
/home/osp-user/.CONTAINER/2e7f4ea98e05f0b3658596e2dd2dc5d6
OPEN
/home/osp-user/b
WRITE
/home/osp-user/b
/home/osp-user/.CONTAINER/2e7f4ea98e05f0b3658596e2dd2dc5d6
OPEN
/home/osp-user/b
WRITE
/home/osp-user/b
/home/osp-user/.CONTAINER/2e7f4ea98e05f0b3658596e2dd2dc5d6
READDIR
/home/osp-user
READDIR
/home/osp-user
OPEN
/home/osp-user/a
READ
/home/osp-user/a
READ
/home/osp-user/a
OPEN
/home/osp-user/b
READ
/home/osp-user/b
READ
/home/osp-user/b
